<?xml version="1.0" encoding="UTF-8"?>
<testsuite xmlns:xsi="http://www.w3.org/2001/XMLSchema-instance" xsi:noNamespaceSchemaLocation="https://maven.apache.org/surefire/maven-surefire-plugin/xsd/surefire-test-report-3.0.xsd" version="3.0" name="edu.bu.met.cs665.TestEmail" time="0.073" tests="5" errors="0" skipped="0" failures="0">
  <properties>
[...]
</properties>
  <testcase name="testFrequentCustomer" classname="edu.bu.met.cs665.TestEmail" time="0.006"/>
  <testcase name="testReturningCustomer" classname="edu.bu.met.cs665.TestEmail" time="0"/>
  <testcase name="testVipCustomer" classname="edu.bu.met.cs665.TestEmail" time="0"/>
  <testcase name="testBusinessCustomer" classname="edu.bu.met.cs665.TestEmail" time="0.001"/>
  <testcase name="testNewCustomer" classname="edu.bu.met.cs665.TestEmail" time="0"/>
</testsuite>